
ROM used: 1355 (17%)
          1355 (17%) including unused fragments

          1 Average locations per line
          2 Average locations per statement

RAM used: 32 (9%) at main() level
          79 (21%) worst case

Stack used: 7 worst case (out of 8 total available)

Lines Stmts  %   Files
----- ----- ---  -----
  123    89  13  xyz_kontrol_16f877a.c
  326     0   0  C:\Program Files\PICC\devices\16F877A.h
  158    68  10  C:\Program Files\PICC\drivers\lcd416.c
 1273   359  53  C:\Program Files\PICC\drivers\stdlib.h
   28     0   0  C:\Program Files\PICC\drivers\stddef.h
  409   121  18  C:\Program Files\PICC\drivers\string.h
   28     0   0  C:\Program Files\PICC\drivers\ctype.h
  121    38   6  C:\Program Files\PICC\drivers\input.c
----- -----
 2466   675 Total

Page ROM  %  RAM   Vol Diff  Functions:
---- --- --- ---   --- ----  ----------
0     21   2   1             @delay_ms1
0      8   1   0             @const73
 Inline        3   463  4.3  lcd_read_byte
0     12   1   1   134  2.2  lcd_send_nibble
0     58   4   3   317  4.3  lcd_send_byte
0     44   3   2   422  4.7  lcd_init
0     27   2   3   321  5.5  lcd_gotoxy
0      8   1   0             @goto10095
0     40   3   1   308  5.0  lcd_putc
 Inline        6             @MULS1616
 Inline       11  1817 10.4  atol
 Inline        7   595 10.2  get_string
0    387  29   9   125  3.3  get_long
0     69   5   0   280  3.2  serihaberlesme_kesmesi
0    419  31   1  2243  9.3  MAIN
0     66   5  13             @DIV3232
0    131  10  12             @PRINTF_L32D_95
0      8   1   0             @goto11440
0      8   1   0             @goto11469

Program metrics:
    Functions               11
    Statements              675
    Comments                793
    Volume (V)              10445
    Difficilty (D)          61.6
    Effort to implement (E) 643249
    Time to implement (T)   9 hours, 56 minutes
    Est Delivered Bugs (B)  2
    Cyclomatic Complexity   39
    Maintainability (MI)    96

 Segment     Used  Free
-----------  ----  ----
00000-00003     4  0  
00004-00030    45  0  
00031-007FF  1306  693  
00800-00FFF     0  2048  
01000-017FF     0  2048  
01800-01FFF     0  2048  



