CCS PCM C Compiler, Version 4.018, 12203               15-Þub-07 19:06

               Filename: D:\pic\karsilastiriciler\karsilastirici.lst

               ROM used: 114 words (6%)
                         Largest free fragment is 1934
               RAM used: 15 (7%) at main() level
                         16 (7%) worst case
               Stack:    2 worst case (1 in main + 1 for interrupts)

*
0000:  MOVLW  00
0001:  MOVWF  0A
0002:  GOTO   051
0003:  NOP
0004:  MOVWF  7F
0005:  SWAPF  03,W
0006:  CLRF   03
0007:  MOVWF  21
0008:  MOVF   7F,W
0009:  MOVWF  20
000A:  MOVF   0A,W
000B:  MOVWF  28
000C:  CLRF   0A
000D:  SWAPF  20,F
000E:  MOVF   04,W
000F:  MOVWF  22
0010:  MOVF   77,W
0011:  MOVWF  23
0012:  MOVF   78,W
0013:  MOVWF  24
0014:  MOVF   79,W
0015:  MOVWF  25
0016:  MOVF   7A,W
0017:  MOVWF  26
0018:  MOVF   7B,W
0019:  MOVWF  27
001A:  BCF    03.7
001B:  BCF    03.5
001C:  MOVLW  8C
001D:  MOVWF  04
001E:  BTFSS  00.6
001F:  GOTO   022
0020:  BTFSC  0C.6
0021:  GOTO   035
0022:  MOVF   22,W
0023:  MOVWF  04
0024:  MOVF   23,W
0025:  MOVWF  77
0026:  MOVF   24,W
0027:  MOVWF  78
0028:  MOVF   25,W
0029:  MOVWF  79
002A:  MOVF   26,W
002B:  MOVWF  7A
002C:  MOVF   27,W
002D:  MOVWF  7B
002E:  MOVF   28,W
002F:  MOVWF  0A
0030:  SWAPF  21,W
0031:  MOVWF  03
0032:  SWAPF  7F,F
0033:  SWAPF  7F,W
0034:  RETFIE
.................... //Karþýlaþtýrýcý-1 (C1) uygulamasý 
.................... //15.02.2007 
.................... //yazan = Remzi ÞAHÝNOÐLU 
.................... #if defined (__PCM__) 
.................... #include <16F628A.h> 
.................... //////// Standard Header file for the PIC16F628A device //////////////// 
.................... #device PIC16F628A 
.................... #list 
....................  
.................... #use delay(clock=4000000) 
*
003C:  MOVLW  29
003D:  MOVWF  04
003E:  BCF    03.7
003F:  MOVF   00,W
0040:  BTFSC  03.2
0041:  GOTO   050
0042:  MOVLW  01
0043:  MOVWF  78
0044:  CLRF   77
0045:  DECFSZ 77,F
0046:  GOTO   045
0047:  DECFSZ 78,F
0048:  GOTO   044
0049:  MOVLW  4A
004A:  MOVWF  77
004B:  DECFSZ 77,F
004C:  GOTO   04B
004D:  GOTO   04E
004E:  DECFSZ 00,F
004F:  GOTO   042
0050:  GOTO   070 (RETURN)
.................... #fuses NOWDT,PUT,NOLVP,NOBROWNOUT,MCLR,INTRC_IO,NOPROTECT 
.................... #endif 
....................  
.................... #byte CMCON = 0x1F 
....................  
.................... #INT_COMP                           // C2out 1 oldugunda program akýsý buradan devam eder    
.................... void comp_isr()  
.................... { 
....................    output_high(PIN_B0);             // RB0 a baglý olan ledi yak 
*
0035:  BSF    03.5
0036:  BCF    06.0
0037:  BCF    03.5
0038:  BSF    06.0
.................... } 
....................  
0039:  BCF    0C.6
003A:  BCF    0A.3
003B:  GOTO   022
.................... void main() 
.................... { 
*
0051:  CLRF   04
0052:  BCF    03.7
0053:  MOVLW  1F
0054:  ANDWF  03,F
0055:  MOVLW  07
0056:  MOVWF  1F
....................    setup_comparator(NC_NC_A1_A2);   // 101 nolu karsýlastýrýcý aktif edildi 
0057:  MOVLW  05
0058:  MOVWF  1F
0059:  BSF    03.5
005A:  MOVF   05,W
005B:  IORLW  06
005C:  MOVWF  05
005D:  MOVLW  03
005E:  MOVWF  77
005F:  DECFSZ 77,F
0060:  GOTO   05F
0061:  BCF    03.5
0062:  MOVF   1F,W
0063:  BCF    0C.6
....................    enable_interrupts(INT_COMP);     // karsýlastýrýcý kesmesi aktif  
0064:  BSF    03.5
0065:  BSF    0C.6
....................    enable_interrupts(GLOBAL);       // cevresel kesmeleraktif   
0066:  MOVLW  C0
0067:  BCF    03.5
0068:  IORWF  0B,F
....................     
....................    while(TRUE)                         
....................    { 
....................       output_low(PIN_B0);           // RB0 a baglý olan ledi söndür 
0069:  BSF    03.5
006A:  BCF    06.0
006B:  BCF    03.5
006C:  BCF    06.0
....................       delay_ms(100);                   
006D:  MOVLW  64
006E:  MOVWF  29
006F:  GOTO   03C
....................    } 
0070:  GOTO   069
.................... } 
0071:  SLEEP

Configuration Fuses:
   Word  1: 3F30   NOWDT PUT NOPROTECT NOBROWNOUT MCLR NOLVP INTRC_IO NOCPD
