
ROM used: 3610 (6%)
          3610 (6%) including unused fragments

          1 Average locations per line
          4 Average locations per statement

RAM used: 15 (0%) at main() level
          89 (2%) worst case

Stack used: 5 worst case (out of 31 total available)

Lines Stmts  %   Files
----- ----- ---  -----
   40    11   1  matematik.c
  489     0   0  C:\Program Files\PICC\devices\18F46K20.h
 2172   260  30  C:\Program Files\PICC\drivers\MATH.h
  158    68   8  C:\Program Files\PICC\drivers\LCD416.c
 1273   359  42  C:\Program Files\PICC\drivers\stdlib.h
   28     0   0  C:\Program Files\PICC\drivers\stddef.h
  409   121  14  C:\Program Files\PICC\drivers\string.h
   28     0   0  C:\Program Files\PICC\drivers\ctype.h
  121    38   4  C:\Program Files\PICC\drivers\input.c
----- -----
 4718   857 Total

Page ROM  %  RAM   Vol Diff  Functions:
---- --- --- ---   --- ----  ----------
0    120   2  10             @FLT
0     58   1   4             @SFTOI
0     56   1   2             @ITOF
0    346   5  14             @DIVFF
0    618   9  16             @ADDFF
0    242   3  11             @MULFF
0    862  12  50  1171 10.4  cos
0     76   1   8    44  1.9  sin
0     40   1   1             @delay_ms1
0     20   0   0             @const208
0     56   1   3   463  4.3  lcd_read_byte
0     24   0   1   134  2.2  lcd_send_nibble
0     54   1   3   317  4.3  lcd_send_byte
0     78   1   2   422  4.7  lcd_init
0     58   1   3   321  5.5  lcd_gotoxy
0     34   0   0             @goto10569
0     82   1   1   308  5.0  lcd_putc
0    180   2   0   282  2.2  MAIN
0    602   8  18             @PRINTF_E_230

Program metrics:
    Functions               9
    Statements              857
    Comments                1074
    Volume (V)              5273
    Difficilty (D)          39.4
    Effort to implement (E) 207687
    Time to implement (T)   3 hours, 12 minutes
    Est Delivered Bugs (B)  1
    Cyclomatic Complexity   15
    Maintainability (MI)    17

 Segment     Used  Free
-----------  ----  ----
00000-00002     4  0  
00004-0FFFE  3606  61926  



