
ROM used: 92 (4%)
          92 (4%) including unused fragments

          0 Average locations per line
          12 Average locations per statement

RAM used: 15 (7%) at main() level
          15 (7%) worst case

Stack used: 1 worst case (out of 7 total available)

Lines Stmts  %   Files
----- ----- ---  -----
   30     8 100  gerilim_ref.c
  205     0   0  C:\Program Files\PICC\devices\16F628A.h
----- -----
  235     8 Total

Page ROM  %  RAM   Vol Diff  Functions:
---- --- --- ---   --- ----  ----------
0      7   8   0    17  0.8  comp_isr
0     32  35   0   127  2.6  MAIN

Program metrics:
    Functions               2
    Statements              8
    Comments                75
    Volume (V)              168
    Difficilty (D)          3.6
    Effort to implement (E) 598
    Time to implement (T)   1 minutes
    Est Delivered Bugs (B)  0
    Cyclomatic Complexity   1
    Maintainability (MI)    122

 Segment     Used  Free
-----------  ----  ----
00000-00003     4  0  
00004-00034    49  0  
00035-007FF    39  1956  



THE FOLLOWING IS TEMPORARY FOR DIAGNOSTIC USE ONLY:

    n1    n2    N1    N2   v(G)
     3     4     4     2     0    comp_isr
     6    15    16    13     0    MAIN
