
ROM used: 347 (4%)
          347 (4%) including unused fragments

          1 Average locations per line
          3 Average locations per statement

RAM used: 11 (3%) at main() level
          11 (3%) worst case

Stack used: 2 worst case (out of 8 total available)

Lines Stmts  %   Files
----- ----- ---  -----
  141   127 100  analog_dijital_ile_step_kontrol.c
  308     0   0  C:\Program Files\PICC\devices\16F877A.h
----- -----
  449   127 Total

Page ROM  %  RAM   Vol Diff  Functions:
---- --- --- ---   --- ----  ----------
0     21   6   1             @delay_ms1
0     65  19   0   344  1.4  motor_sola
0     65  19   0   344  1.4  motor_saga
0    192  55   1  2530  6.4  MAIN

Program metrics:
    Functions               3
    Statements              127
    Comments                94
    Volume (V)              3766
    Difficilty (D)          9.2
    Effort to implement (E) 34564
    Time to implement (T)   32 minutes
    Est Delivered Bugs (B)  0
    Cyclomatic Complexity   23
    Maintainability (MI)    106

 Segment     Used  Free
-----------  ----  ----
00000-00003     4  0  
00004-007FF   343  1701  
00800-00FFF     0  2048  
01000-017FF     0  2048  
01800-01FFF     0  2048  



THE FOLLOWING IS TEMPORARY FOR DIAGNOSTIC USE ONLY:

    n1    n2    N1    N2   v(G)
     0     1     0     0     0    @delay_ms1
     3    34    34    32     0    motor_sola
     3    34    34    32     0    motor_saga
    13   137   215   135    23    MAIN
