
ROM used: 31 (2%)
          31 (2%) including unused fragments

          0 Average locations per line
          3 Average locations per statement

RAM used: 7 (3%) at main() level
          8 (4%) worst case

Stack used: 1 worst case (out of 8 total available)

Lines Stmts  %   Files
----- ----- ---  -----
   27     9 100  fonksiyon.c
  205     0   0  C:\Program Files\PICC\devices\16F628A.h
----- -----
  232     9 Total

Page ROM  %  RAM   Vol Diff  Functions:
---- --- --- ---   --- ----  ----------
0      6  19   1    32  1.6  gonder
0     21  68   1   140  3.5  MAIN

Program metrics:
    Functions               2
    Statements              9
    Comments                67
    Volume (V)              205
    Difficilty (D)          5.1
    Effort to implement (E) 1045
    Time to implement (T)   1 minutes
    Est Delivered Bugs (B)  0
    Cyclomatic Complexity   1
    Maintainability (MI)    145

 Segment     Used  Free
-----------  ----  ----
00000-00003     4  0  
00004-007FF    27  2017  



THE FOLLOWING IS TEMPORARY FOR DIAGNOSTIC USE ONLY:

    n1    n2    N1    N2   v(G)
     4     5     6     4     0    gonder
     8    15    18    13     1    MAIN
