
ROM used: 54 (1%)
          54 (1%) including unused fragments

          0 Average locations per line
          7 Average locations per statement

RAM used: 7 (2%) at main() level
          7 (2%) worst case

Stack used: 0 worst case (out of 8 total available)

Lines Stmts  %   Files
----- ----- ---  -----
   27     8 100  adc_birimi.c
  309     0   0  C:\Program Files\PICC\devices\16F877A.h
----- -----
  336     8 Total

Page ROM  %  RAM   Vol Diff  Functions:
---- --- --- ---   --- ----  ----------
0     50  93   0   134  2.2  main

Program metrics:
    Functions               1
    Statements              8
    Comments                85
    Volume (V)              134
    Difficilty (D)          2.2
    Effort to implement (E) 290
    Time to implement (T)   0 minutes
    Est Delivered Bugs (B)  0
    Cyclomatic Complexity   1
    Maintainability (MI)    161

 Segment     Used  Free
-----------  ----  ----
00000-00003     4  0  
00004-007FF    50  1994  
00800-00FFF     0  2048  
01000-017FF     0  2048  
01800-01FFF     0  2048  



