
ROM used: 99 (5%)
          99 (5%) including unused fragments

          0 Average locations per line
          4 Average locations per statement

RAM used: 7 (3%) at main() level
          7 (3%) worst case

Stack used: 1 worst case (out of 8 total available)

Lines Stmts  %   Files
----- ----- ---  -----
   40    25 100  bipolar_step.c
  222     0   0  C:\Program Files\PICC\devices\16F628A.h
----- -----
  262    25 Total

Page ROM  %  RAM   Vol Diff  Functions:
---- --- --- ---   --- ----  ----------
0     21  21   1             @delay_ms1
0     66  67   1   616  6.7  main
0      8   8   0             @goto10064

Program metrics:
    Functions               1
    Statements              25
    Comments                84
    Volume (V)              621
    Difficilty (D)          6.4
    Effort to implement (E) 3951
    Time to implement (T)   4 minutes
    Est Delivered Bugs (B)  0
    Cyclomatic Complexity   8
    Maintainability (MI)    133

 Segment     Used  Free
-----------  ----  ----
00000-00003     4  0  
00004-007FF    95  1949  



