
ROM used: 69 (3%)
          69 (3%) including unused fragments

          0 Average locations per line
          6 Average locations per statement

RAM used: 7 (3%) at main() level
          8 (4%) worst case

Stack used: 1 worst case (out of 8 total available)

Lines Stmts  %   Files
----- ----- ---  -----
   37    12 100  RCREG_read.c
  205     0   0  C:\Program Files\PICC\devices\16F628A.h
----- -----
  242    12 Total

Page ROM  %  RAM   Vol Diff  Functions:
---- --- --- ---   --- ----  ----------
0     21  30   1             @delay_ms1
0     44  64   1   212  3.2  main

Program metrics:
    Functions               1
    Statements              12
    Comments                74
    Volume (V)              214
    Difficilty (D)          3.0
    Effort to implement (E) 646
    Time to implement (T)   1 minutes
    Est Delivered Bugs (B)  0
    Cyclomatic Complexity   1
    Maintainability (MI)    137

 Segment     Used  Free
-----------  ----  ----
00000-00003     4  0  
00004-007FF    65  1979  



THE FOLLOWING IS TEMPORARY FOR DIAGNOSTIC USE ONLY:

    n1    n2    N1    N2   v(G)
     0     1     0     0     0    @delay_ms1
     7    21    25    19     1    main
