
ROM used: 442 (5%)
          442 (5%) including unused fragments

          1 Average locations per line
          12 Average locations per statement

RAM used: 29 (8%) at main() level
          42 (11%) worst case

Stack used: 1 worst case (out of 8 total available)

Lines Stmts  %   Files
----- ----- ---  -----
   80    36 100  servo_motor_pot.c
  326     0   0  C:\Program Files\PICC\devices\16F877A.h
----- -----
  406    36 Total

Page ROM  %  RAM   Vol Diff  Functions:
---- --- --- ---   --- ----  ----------
0     21   5   1             @delay_ms1
0     20   5   1             @delay_us1
0    285  64   4  1008  5.8  main
0     44  10  13             @MUL3232
0     68  15  13             @DIV3232

Program metrics:
    Functions               1
    Statements              36
    Comments                105
    Volume (V)              1018
    Difficilty (D)          5.6
    Effort to implement (E) 5648
    Time to implement (T)   5 minutes
    Est Delivered Bugs (B)  0
    Cyclomatic Complexity   1
    Maintainability (MI)    68

 Segment     Used  Free
-----------  ----  ----
00000-00003     4  0  
00004-007FF   438  1606  
00800-00FFF     0  2048  
01000-017FF     0  2048  
01800-01FFF     0  2048  



