
ROM used: 3462 (5%)
          3462 (5%) including unused fragments

          1 Average locations per line
          10 Average locations per statement

RAM used: 9 (0%) at main() level
          83 (2%) worst case

Stack used: 5 worst case (out of 31 total available)

Lines Stmts  %   Files
----- ----- ---  -----
   33    12   4  hassasiyeti_arttirma.c
  489     0   0  C:\Program Files\PICC\devices\18F46K20.h
 2172   260  76  C:\Program Files\PICC\drivers\MATH.h
  158    68  20  C:\Program Files\PICC\drivers\LCD416.c
----- -----
 2852   340 Total

Page ROM  %  RAM   Vol Diff  Functions:
---- --- --- ---   --- ----  ----------
0    120   2  10             @FLT
0     58   1   4             @SFTOI
0     56   1   2             @ITOF
0    346   5  14             @DIVFF
0    618   9  16             @ADDFF
0    242   3  11             @MULFF
0    862  12  50  1171 10.4  cos
0     76   1   8    44  1.9  sin
0     42   1   1             @delay_ms1
0     56   1   3   463  4.3  lcd_read_byte
0     24   0   1   134  2.2  lcd_send_nibble
0     54   1   3   317  4.3  lcd_send_byte
0     56   1   3   321  5.5  lcd_gotoxy
0     34   0   0             @goto10569
0     74   1   1   308  5.0  lcd_putc
0    170   2   0   284  2.6  MAIN
0     64   1   5             @FTOSD
0    122   2  13             @DIV3232
0    384   6  13             @PRINTF_L32D_230FPFPF

Program metrics:
    Functions               8
    Statements              340
    Comments                416
    Volume (V)              4524
    Difficilty (D)          35.0
    Effort to implement (E) 158246
    Time to implement (T)   2 hours, 27 minutes
    Est Delivered Bugs (B)  1
    Cyclomatic Complexity   13
    Maintainability (MI)    28

 Segment     Used  Free
-----------  ----  ----
00000-00002     4  0  
00004-0FFFE  3458  62074  



