
ROM used: 553 (7%)
          553 (7%) including unused fragments

          1 Average locations per line
          6 Average locations per statement

RAM used: 11 (3%) at main() level
          28 (8%) worst case

Stack used: 5 worst case (out of 8 total available)

Lines Stmts  %   Files
----- ----- ---  -----
   71    30  31  pwm_dc_motor_kontrol.c
  326     0   0  C:\Program Files\PICC\devices\16F877A.h
  158    68  69  C:\Program Files\PICC\drivers\lcd416.c
----- -----
  555    98 Total

Page ROM  %  RAM   Vol Diff  Functions:
---- --- --- ---   --- ----  ----------
0     21   4   1             @delay_ms1
0      8   1   0   536  3.3  @const73
 Inline        3   463  4.3  lcd_read_byte
0     12   2   1   134  2.2  lcd_send_nibble
0     58  10   3   317  4.3  lcd_send_byte
0     44   8   2   422  4.7  lcd_init
0     27   5   3   321  5.5  lcd_gotoxy
0      8   1   0             @goto10099
0     40   7   1   308  5.0  lcd_putc
0    154  28   1   802  3.8  MAIN
0      4   1   0             @const105
0     72  13   3             @PSTRINGC7_95
0    101  18   9             @PRINTF_LU_95

Program metrics:
    Functions               8
    Statements              98
    Comments                141
    Volume (V)              5039
    Difficilty (D)          32.7
    Effort to implement (E) 164742
    Time to implement (T)   2 hours, 33 minutes
    Est Delivered Bugs (B)  1
    Cyclomatic Complexity   13
    Maintainability (MI)    107

 Segment     Used  Free
-----------  ----  ----
00000-00003     4  0  
00004-007FF   549  1495  
00800-00FFF     0  2048  
01000-017FF     0  2048  
01800-01FFF     0  2048  



