
ROM used: 4712 (14%)
          4712 (14%) including unused fragments

          1 Average locations per line
          7 Average locations per statement

RAM used: 1196 (58%) at main() level
          1225 (60%) worst case

Stack used: 12 worst case (out of 24 total available)

Lines Stmts  %   Files
----- ----- ---  -----
  125    49   7  main_lcd.c
  429     0   0  ..\..\..\..\..\PROGRA~1\PICC\devices\18F4550.h
  180    63   9  ..\..\..\..\..\PROGRA~1\PICC\drivers\lcd.c
 1323   321  47  ..\..\..\..\..\PROGRA~1\PICC\drivers\pic18_usb.h
  828     0   0  ..\..\..\..\..\PROGRA~1\PICC\drivers\usb.h
  237     0   0  USB_Konfigurasyon.h
  912   247  36  ..\..\..\..\..\PROGRA~1\PICC\drivers\usb.c
----- -----
 4034   680 Total

Page ROM  %  RAM   Vol Diff  Functions:
---- --- --- ---   --- ----  ----------
0     40   0   1             @delay_ms1
0     30   0   0             @const64
0     64   1   3   463  4.3  lcd_read_byte
0     32   0   1   134  2.2  lcd_send_nibble
0     54   1   3   317  4.3  lcd_send_byte
0     90   1   3   422  4.7  lcd_init
0     36   0   4   186  5.5  lcd_gotoxy
0     66   1   1   272  4.1  lcd_putc
0     32   0   0             @const173
0     66   1   0             @const177
0     40   0   1   149  2.6  usb_detach
0     34   0   0   138  2.1  usb_attach
0     34   0   1   346  4.6  usb_task
0     14   0   0    61  2.5  usb_init
0    222   2   7  1224  5.9  usb_flush_in
0    180   2  14   584  7.5  usb_put_packet
0    230   2   7   940  5.4  usb_flush_out
0    200   2  13   715  6.4  usb_get_packet_buffer
0     64   1   5   138  3.5  usb_get_packet
0     68   1   4   235  4.5  usb_stall_ep
0     66   1   4   242  4.6  usb_unstall_ep
0     84   1   3   343  5.8  usb_endpoint_stalled
0     22   0   1    88  2.7  usb_set_address
0    402   4  10  1575  8.9  usb_set_configured
0    106   1   0   448  3.7  usb_isr
0      6   0   0    25  1.2  usb_isr_sof
0     44   0   3   142  3.9  usb_disable_endpoints
0     42   0   0   318  4.6  usb_isr_rst
0     30   0   0   343  3.1  usb_init_ep0_setup
0      8   0   0    47  1.5  usb_isr_uerr
0     10   0   0    54  1.5  usb_isr_uidle
0     10   0   0    54  1.5  usb_isr_activity
0     14   0   0   147  3.4  usb_isr_stall
0    202   2   2  1217  7.3  usb_isr_tok_dne
0      6   0   1    25  1.6  usb_request_send_response
0      6   0   0    24  0.9  usb_request_stall
0     48   1   0             @const300
0     18   0   0             @const302
0     18   0   0             @const305
0     58   1   0             @const308
0     18   0   0             @const310
0     34   0   0             @const316
0     88   1   0             @const319
0     12   0   0    52  2.1  usb_wait_for_enumeration
0     36   0   3   222  3.9  usb_token_reset
0     78   1   4   201  4.9  usb_endpoint_is_valid
0     24   0   1   152  3.0  usb_isr_tok_in_dne
0     42   0   1   102  2.9  usb_isr_tok_out_dne
0     42   0   0   310  5.4  usb_isr_tok_setup_dne
0    164   2   0  1131  8.2  usb_isr_tkn_setup_StandardDevice
0    158   2   3   750  7.7  usb_isr_tkn_setup_StandardInterface
0     96   1   0   519  5.2  usb_isr_tkn_setup_StandardEndpoint
0     16   0   0    83  3.2  usb_isr_tkn_setup_ClassInterface
0    238   3   1  1188  8.3  usb_Get_Descriptor
0     14   0   0    76  1.8  usb_finish_set_address
0    150   2   5   643  7.5  usb_copy_desc_seg_to_ep
0     34   0   0             @goto11001
0     28   0   0   106  1.3  user_init
0    122   1   5   452  6.7  LCD_MetinYaz
0    212   2 132  1008  7.9  MAIN
0     58   1   0             @const360
0     34   0   0             @const361
0     64   1   2             @PRINTF_X_84

Program metrics:
    Functions               48
    Statements              680
    Comments                1634
    Volume (V)              35115
    Difficilty (D)          209.7
    Effort to implement (E) 7362333
    Time to implement (T)   113 hours, 37 minutes
    Est Delivered Bugs (B)  13
    Cyclomatic Complexity   127
    Maintainability (MI)    112

 Segment     Used  Free
-----------  ----  ----
00000-00002     4  0  
00004-00006     0  4  
00008-0009C   150  0  
0009E-07FFE  4558  28052  



