
ROM used: 344 (17%)
          344 (17%) including unused fragments

          1 Average locations per line
          4 Average locations per statement

RAM used: 7 (3%) at main() level
          8 (4%) worst case

Stack used: 1 worst case (out of 8 total available)

Lines Stmts  %   Files
----- ----- ---  -----
  112    82 100  flasor.c
  222     0   0  C:\Program Files (x86)\PICC\devices\16F628A.h
----- -----
  334    82 Total

Page ROM  %  RAM   Vol Diff  Functions:
---- --- --- ---   --- ----  ----------
0     21   6   1             @delay_ms1
0    310  90   1  2485  6.4  main
0      9   3   0             @goto10053

Program metrics:
    Functions               1
    Statements              82
    Comments                75
    Volume (V)              2491
    Difficilty (D)          6.3
    Effort to implement (E) 15784
    Time to implement (T)   15 minutes
    Est Delivered Bugs (B)  0
    Cyclomatic Complexity   6
    Maintainability (MI)    95

 Segment     Used  Free
-----------  ----  ----
00000-00003     4  0  
00004-007FF   340  1704  



