
ROM used: 108 (5%)
          108 (5%) including unused fragments

          0 Average locations per line
          5 Average locations per statement

RAM used: 17 (8%) at main() level
          17 (8%) worst case

Stack used: 1 worst case (out of 7 total available)

Lines Stmts  %   Files
----- ----- ---  -----
   52    21 100  zamnalayici-2.c
  205     0   0  C:\Program Files\PICC\devices\16F628A.h
----- -----
  257    21 Total

Page ROM  %  RAM   Vol Diff  Functions:
---- --- --- ---   --- ----  ----------
0     18  17   0   190  4.0  timer2
0     37  34   0   231  4.5  MAIN

Program metrics:
    Functions               2
    Statements              21
    Comments                81
    Volume (V)              507
    Difficilty (D)          8.5
    Effort to implement (E) 4313
    Time to implement (T)   4 minutes
    Est Delivered Bugs (B)  0
    Cyclomatic Complexity   4
    Maintainability (MI)    83

 Segment     Used  Free
-----------  ----  ----
00000-00003     4  0  
00004-00034    49  0  
00035-007FF    55  1940  



THE FOLLOWING IS TEMPORARY FOR DIAGNOSTIC USE ONLY:

    n1    n2    N1    N2   v(G)
     9    18    24    16     2    timer2
    10    20    29    18     2    MAIN
