
ROM used: 138 (7%)
          138 (7%) including unused fragments

          1 Average locations per line
          9 Average locations per statement

RAM used: 16 (7%) at main() level
          18 (8%) worst case

Stack used: 2 worst case (out of 7 total available)

Lines Stmts  %   Files
----- ----- ---  -----
   46    15 100  usart_kesme.c
  205     0   0  C:\Program Files\PICC\devices\16F628A.h
----- -----
  251    15 Total

Page ROM  %  RAM   Vol Diff  Functions:
---- --- --- ---   --- ----  ----------
0     21  15   1             @delay_ms1
0     23  17   1    88  2.4  RDA_isr
0     41  30   0   172  1.8  MAIN

Program metrics:
    Functions               2
    Statements              15
    Comments                77
    Volume (V)              319
    Difficilty (D)          4.2
    Effort to implement (E) 1330
    Time to implement (T)   1 minutes
    Est Delivered Bugs (B)  0
    Cyclomatic Complexity   1
    Maintainability (MI)    103

 Segment     Used  Free
-----------  ----  ----
00000-00003     4  0  
00004-00034    49  0  
00035-007FF    85  1910  



THE FOLLOWING IS TEMPORARY FOR DIAGNOSTIC USE ONLY:

    n1    n2    N1    N2   v(G)
     0     1     0     0     0    @delay_ms1
     6    10    14     8     1    RDA_isr
     4    19    21    17     0    MAIN
