
ROM used: 126 (6%)
          126 (6%) including unused fragments

          1 Average locations per line
          9 Average locations per statement

RAM used: 15 (7%) at main() level
          16 (7%) worst case

Stack used: 2 worst case (out of 7 total available)

Lines Stmts  %   Files
----- ----- ---  -----
   39    14 100  karsilastirici-2.c
  205     0   0  C:\Program Files\PICC\devices\16F628A.h
----- -----
  244    14 Total

Page ROM  %  RAM   Vol Diff  Functions:
---- --- --- ---   --- ----  ----------
0     21  17   1             @delay_ms1
0     15  12   0    65  1.5  comp_isr
0     37  29   0   127  1.7  MAIN

Program metrics:
    Functions               2
    Statements              14
    Comments                70
    Volume (V)              240
    Difficilty (D)          3.2
    Effort to implement (E) 760
    Time to implement (T)   1 minutes
    Est Delivered Bugs (B)  0
    Cyclomatic Complexity   2
    Maintainability (MI)    127

 Segment     Used  Free
-----------  ----  ----
00000-00003     4  0  
00004-00034    49  0  
00035-007FF    73  1922  



THE FOLLOWING IS TEMPORARY FOR DIAGNOSTIC USE ONLY:

    n1    n2    N1    N2   v(G)
     0     1     0     0     0    @delay_ms1
     4     8    12     6     2    comp_isr
     4    15    17    13     0    MAIN
