
ROM used: 50 (2%)
          50 (2%) including unused fragments

          0 Average locations per line
          6 Average locations per statement

RAM used: 8 (4%) at main() level
          8 (4%) worst case

Stack used: 1 worst case (out of 8 total available)

Lines Stmts  %   Files
----- ----- ---  -----
   28     9 100  elsli.c
  205     0   0  C:\Program Files\PICC\devices\16F628A.h
----- -----
  233     9 Total

Page ROM  %  RAM   Vol Diff  Functions:
---- --- --- ---   --- ----  ----------
0     21  42   1             @delay_ms1
0     25  50   2   187  4.4  main

Program metrics:
    Functions               1
    Statements              9
    Comments                67
    Volume (V)              189
    Difficilty (D)          4.2
    Effort to implement (E) 798
    Time to implement (T)   1 minutes
    Est Delivered Bugs (B)  0
    Cyclomatic Complexity   1
    Maintainability (MI)    114

 Segment     Used  Free
-----------  ----  ----
00000-00003     4  0  
00004-007FF    46  1998  



THE FOLLOWING IS TEMPORARY FOR DIAGNOSTIC USE ONLY:

    n1    n2    N1    N2   v(G)
     0     1     0     0     0    @delay_ms1
    10    18    23    16     1    main
