
ROM used: 49 (2%)
          49 (2%) including unused fragments

          0 Average locations per line
          6 Average locations per statement

RAM used: 8 (4%) at main() level
          8 (4%) worst case

Stack used: 1 worst case (out of 8 total available)

Lines Stmts  %   Files
----- ----- ---  -----
   25     8 100  elssiz.c
  208     0   0  C:\Program Files\PICC\devices\16F628A.h
----- -----
  233     8 Total

Page ROM  %  RAM   Vol Diff  Functions:
---- --- --- ---   --- ----  ----------
0     21  43   1             @delay_ms1
0     24  49   2   176  4.0  main

Program metrics:
    Functions               1
    Statements              8
    Comments                69
    Volume (V)              178
    Difficilty (D)          3.8
    Effort to implement (E) 674
    Time to implement (T)   1 minutes
    Est Delivered Bugs (B)  0
    Cyclomatic Complexity   1
    Maintainability (MI)    125

 Segment     Used  Free
-----------  ----  ----
00000-00003     4  0  
00004-007FF    45  1999  



