
ROM used: 53 (1%)
          53 (1%) including unused fragments

          0 Average locations per line
          8 Average locations per statement

RAM used: 6 (2%) at main() level
          7 (2%) worst case

Stack used: 1 worst case (out of 8 total available)

Lines Stmts  %   Files
----- ----- ---  -----
   21     7 100  yak_son.c
  280     0   0  C:\Program Files\PICC\devices\16F877.h
----- -----
  301     7 Total

Page ROM  %  RAM   Vol Diff  Functions:
---- --- --- ---   --- ----  ----------
0     21  40   1             @delay_ms1
0     28  53   0   106  1.7  main

Program metrics:
    Functions               1
    Statements              7
    Comments                72
    Volume (V)              108
    Difficilty (D)          1.6
    Effort to implement (E) 170
    Time to implement (T)   0 minutes
    Est Delivered Bugs (B)  0
    Cyclomatic Complexity   1
    Maintainability (MI)    142

 Segment     Used  Free
-----------  ----  ----
00000-00003     4  0  
00004-007FF    49  1995  
00800-00FFF     0  2048  
01000-017FF     0  2048  
01800-01FFF     0  2048  



THE FOLLOWING IS TEMPORARY FOR DIAGNOSTIC USE ONLY:

    n1    n2    N1    N2   v(G)
     0     1     0     0     0    @delay_ms1
     4    13    15    11     0    main
