
ROM used: 27 (1%)
          27 (1%) including unused fragments

          0 Average locations per line
          3 Average locations per statement

RAM used: 7 (3%) at main() level
          7 (3%) worst case

Stack used: 0 worst case (out of 8 total available)

Lines Stmts  %   Files
----- ----- ---  -----
   33     9 100  zamanlayýcý-0_ext.c
  205     0   0  F:\Program Files\PICC\devices\16F628A.h
----- -----
  238     9 Total

Page ROM  %  RAM   Vol Diff  Functions:
---- --- --- ---   --- ----  ----------
0     23  85   1   167  3.5  main

Program metrics:
    Functions               1
    Statements              9
    Comments                79
    Volume (V)              167
    Difficilty (D)          3.5
    Effort to implement (E) 590
    Time to implement (T)   1 minutes
    Est Delivered Bugs (B)  0
    Cyclomatic Complexity   1
    Maintainability (MI)    155

 Segment     Used  Free
-----------  ----  ----
00000-00003     4  0  
00004-007FF    23  2021  



THE FOLLOWING IS TEMPORARY FOR DIAGNOSTIC USE ONLY:

    n1    n2    N1    N2   v(G)
     8    17    21    15     1    main
