
ROM used: 113 (6%)
          113 (6%) including unused fragments

          0 Average locations per line
          5 Average locations per statement

RAM used: 7 (3%) at main() level
          8 (4%) worst case

Stack used: 1 worst case (out of 8 total available)

Lines Stmts  %   Files
----- ----- ---  -----
   53    24 100  16f628a_verici.c
  222     0   0  C:\Program Files\PICC\devices\16F628A.h
----- -----
  275    24 Total

Page ROM  %  RAM   Vol Diff  Functions:
---- --- --- ---   --- ----  ----------
0     21  19   1             @delay_ms1
0     88  78   1   564  3.8  main

Program metrics:
    Functions               1
    Statements              24
    Comments                70
    Volume (V)              567
    Difficilty (D)          3.7
    Effort to implement (E) 2122
    Time to implement (T)   2 minutes
    Est Delivered Bugs (B)  0
    Cyclomatic Complexity   3
    Maintainability (MI)    105

 Segment     Used  Free
-----------  ----  ----
00000-00003     4  0  
00004-007FF   109  1935  



