
ROM used: 316 (4%)
          316 (4%) including unused fragments

          1 Average locations per line
          10 Average locations per statement

RAM used: 22 (6%) at main() level
          28 (8%) worst case

Stack used: 2 worst case (out of 8 total available)

Lines Stmts  %   Files
----- ----- ---  -----
   77    32 100  pc_motor_derece.c
  326     0   0  C:\Program Files\PICC\devices\16F877A.h
----- -----
  403    32 Total

Page ROM  %  RAM   Vol Diff  Functions:
---- --- --- ---   --- ----  ----------
0     20   6   1             @delay_ms1
0     15   5   1   564  3.8  @delay_us1
0     67  21   0   160  2.7  serihaberlesme_kesmesi
 Inline        5   318  6.5  @MUL1616
0    165  52   1   592  2.4  MAIN

Program metrics:
    Functions               4
    Statements              32
    Comments                110
    Volume (V)              2198
    Difficilty (D)          15.2
    Effort to implement (E) 33412
    Time to implement (T)   31 minutes
    Est Delivered Bugs (B)  0
    Cyclomatic Complexity   5
    Maintainability (MI)    152

 Segment     Used  Free
-----------  ----  ----
00000-00003     4  0  
00004-00030    45  0  
00031-007FF   267  1732  
00800-00FFF     0  2048  
01000-017FF     0  2048  
01800-01FFF     0  2048  



