
ROM used: 222 (3%)
          222 (3%) including unused fragments

          1 Average locations per line
          8 Average locations per statement

RAM used: 16 (4%) at main() level
          17 (5%) worst case

Stack used: 2 worst case (out of 7 total available)

Lines Stmts  %   Files
----- ----- ---  -----
   61    29 100  pic_pc_pc_pic.c
  285     0   0  ..\..\..\..\..\Program Files\PICC\devices\16F877.h
----- -----
  346    29 Total

Page ROM  %  RAM   Vol Diff  Functions:
---- --- --- ---   --- ----  ----------
0     21   9   1             @delay_ms1
0     28  13   0    92  1.7  serihaberlesme_kesmesi
0    120  54   1   581  3.4  MAIN

Program metrics:
    Functions               2
    Statements              29
    Comments                79
    Volume (V)              761
    Difficilty (D)          5.1
    Effort to implement (E) 3850
    Time to implement (T)   4 minutes
    Est Delivered Bugs (B)  0
    Cyclomatic Complexity   1
    Maintainability (MI)    81

 Segment     Used  Free
-----------  ----  ----
00000-00003     4  0  
00004-00034    49  0  
00035-007FF   169  1826  
00800-00FFF     0  2048  
01000-017FF     0  2048  
01800-01FFF     0  2048  



