
ROM used: 83 (1%)
          83 (1%) including unused fragments

          0 Average locations per line
          6 Average locations per statement

RAM used: 7 (2%) at main() level
          8 (2%) worst case

Stack used: 1 worst case (out of 8 total available)

Lines Stmts  %   Files
----- ----- ---  -----
   35    13 100  rs_pic_to_pc.c
  285     0   0  ..\..\..\..\..\Program Files\PICC\devices\16F877.h
----- -----
  320    13 Total

Page ROM  %  RAM   Vol Diff  Functions:
---- --- --- ---   --- ----  ----------
0     21  25   1             @delay_ms1
0     58  70   1   260  3.2  main

Program metrics:
    Functions               1
    Statements              13
    Comments                74
    Volume (V)              262
    Difficilty (D)          3.1
    Effort to implement (E) 812
    Time to implement (T)   1 minutes
    Est Delivered Bugs (B)  0
    Cyclomatic Complexity   1
    Maintainability (MI)    135

 Segment     Used  Free
-----------  ----  ----
00000-00003     4  0  
00004-007FF    79  1965  
00800-00FFF     0  2048  
01000-017FF     0  2048  
01800-01FFF     0  2048  



