
ROM used: 70 (1%)
          70 (1%) including unused fragments

          0 Average locations per line
          7 Average locations per statement

RAM used: 7 (2%) at main() level
          7 (2%) worst case

Stack used: 1 worst case (out of 8 total available)

Lines Stmts  %   Files
----- ----- ---  -----
   29    10 100  verici.c
  308     0   0  C:\Program Files\PICC\devices\16F877A.h
----- -----
  337    10 Total

Page ROM  %  RAM   Vol Diff  Functions:
---- --- --- ---   --- ----  ----------
0     34  49   1             @PUTCHAR_1_
0     32  46   1   197  3.1  main

Program metrics:
    Functions               1
    Statements              10
    Comments                84
    Volume (V)              200
    Difficilty (D)          3.0
    Effort to implement (E) 594
    Time to implement (T)   1 minutes
    Est Delivered Bugs (B)  0
    Cyclomatic Complexity   2
    Maintainability (MI)    156

 Segment     Used  Free
-----------  ----  ----
00000-00003     4  0  
00004-007FF    66  1978  
00800-00FFF     0  2048  
01000-017FF     0  2048  
01800-01FFF     0  2048  



THE FOLLOWING IS TEMPORARY FOR DIAGNOSTIC USE ONLY:

    n1    n2    N1    N2   v(G)
     0     1     0     0     0    @PUTCHAR_1_
     7    19    25    17     2    main
