
ROM used: 226 (3%)
          226 (3%) including unused fragments

          1 Average locations per line
          9 Average locations per statement

RAM used: 47 (13%) at main() level
          51 (14%) worst case

Stack used: 2 worst case (out of 7 total available)

Lines Stmts  %   Files
----- ----- ---  -----
   63    26 100  dizin-ayýklama.c
  313     0   0  C:\Program Files (x86)\PICC\devices\16F877A.h
----- -----
  376    26 Total

Page ROM  %  RAM   Vol Diff  Functions:
---- --- --- ---   --- ----  ----------
0     23  10   1             @delay_ms1
0     23  10   4   112  2.0  serihaberlesme_kesmesi
0    106  47   2   607  5.6  MAIN
0     21   9   0             @const70

Program metrics:
    Functions               2
    Statements              26
    Comments                106
    Volume (V)              818
    Difficilty (D)          7.5
    Effort to implement (E) 6124
    Time to implement (T)   6 minutes
    Est Delivered Bugs (B)  0
    Cyclomatic Complexity   2
    Maintainability (MI)    50

 Segment     Used  Free
-----------  ----  ----
00000-00003     4  0  
00004-00034    49  0  
00035-007FF   173  1822  
00800-00FFF     0  2048  
01000-017FF     0  2048  
01800-01FFF     0  2048  



