CCS PCM C Compiler, Version 4.018, 12203               12-Þub-07 19:28

               Filename: D:\pic\KOMUTLAR\for komutu\for_komutu.lst

               ROM used: 49 words (2%)
                         Largest free fragment is 1999
               RAM used: 7 (3%) at main() level
                         8 (4%) worst case
               Stack:    1 locations

*
0000:  MOVLW  00
0001:  MOVWF  0A
0002:  GOTO   019
0003:  NOP
.................... // for komutu uyguþlamsý 
.................... //08.02.2007 
.................... //yazan = Remzi ÞAHÝNOÐLU 
.................... #if defined (__PCM__) 
.................... #include <16F628A.h> 
.................... //////// Standard Header file for the PIC16F628A device //////////////// 
.................... #device PIC16F628A 
.................... #list 
....................  
.................... #use delay(clock=4000000) 
0004:  MOVLW  22
0005:  MOVWF  04
0006:  BCF    03.7
0007:  MOVF   00,W
0008:  BTFSC  03.2
0009:  GOTO   018
000A:  MOVLW  01
000B:  MOVWF  78
000C:  CLRF   77
000D:  DECFSZ 77,F
000E:  GOTO   00D
000F:  DECFSZ 78,F
0010:  GOTO   00C
0011:  MOVLW  4A
0012:  MOVWF  77
0013:  DECFSZ 77,F
0014:  GOTO   013
0015:  GOTO   016
0016:  DECFSZ 00,F
0017:  GOTO   00A
0018:  GOTO   028 (RETURN)
.................... #fuses PUT, MCLR, INTRC_IO, NOWDT, NOLVP, NOBROWNOUT, NOPROTECT 
.................... #endif 
....................  
.................... void main() 
.................... { 
0019:  CLRF   04
001A:  BCF    03.7
001B:  MOVLW  1F
001C:  ANDWF  03,F
001D:  MOVLW  07
001E:  MOVWF  1F
.................... char i=0;    
001F:  CLRF   21
....................    for (i=0; i<=10; i=i+1)       //ifade1 = degiþkeni tanýmla 
0020:  CLRF   21
0021:  MOVF   21,W
0022:  SUBLW  0A
0023:  BTFSS  03.0
0024:  GOTO   030
....................    {                             //ifade2 = koþul belirle 
....................       delay_ms(200);             //ifade3 = arttýrým   
0025:  MOVLW  C8
0026:  MOVWF  22
0027:  GOTO   004
....................       output_b(i);               //ifade dogru ise döngü içi tekrarlanýr 
0028:  BSF    03.5
0029:  CLRF   06
002A:  BCF    03.5
002B:  MOVF   21,W
002C:  MOVWF  06
....................    }    
002D:  MOVLW  01
002E:  ADDWF  21,F
002F:  GOTO   021
....................                                  //ifade yanlýþ ise döngü dýsýndan devam edilir 
.................... }                                 
0030:  SLEEP

Configuration Fuses:
   Word  1: 3F30   NOWDT PUT NOPROTECT NOBROWNOUT MCLR NOLVP INTRC_IO NOCPD
