CCS PCM C Compiler, Version 4.018, 44854               17-May-07 18:20

               Filename: D:\pic\pic16f628a\yakala-karsilastir-pwm modulu\karsilastir\yakala.lst

               ROM used: 91 words (4%)
                         Largest free fragment is 1957
               RAM used: 21 (9%) at main() level
                         21 (9%) worst case
               Stack:    1 worst case (0 in main + 1 for interrupts)

*
0000:  MOVLW  00
0001:  MOVWF  0A
0002:  GOTO   047
0003:  NOP
0004:  MOVWF  7F
0005:  SWAPF  03,W
0006:  CLRF   03
0007:  MOVWF  21
0008:  MOVF   7F,W
0009:  MOVWF  20
000A:  MOVF   0A,W
000B:  MOVWF  28
000C:  CLRF   0A
000D:  SWAPF  20,F
000E:  MOVF   04,W
000F:  MOVWF  22
0010:  MOVF   77,W
0011:  MOVWF  23
0012:  MOVF   78,W
0013:  MOVWF  24
0014:  MOVF   79,W
0015:  MOVWF  25
0016:  MOVF   7A,W
0017:  MOVWF  26
0018:  MOVF   7B,W
0019:  MOVWF  27
001A:  BCF    03.7
001B:  BCF    03.5
001C:  MOVLW  8C
001D:  MOVWF  04
001E:  BTFSS  00.2
001F:  GOTO   022
0020:  BTFSC  0C.2
0021:  GOTO   035
0022:  MOVF   22,W
0023:  MOVWF  04
0024:  MOVF   23,W
0025:  MOVWF  77
0026:  MOVF   24,W
0027:  MOVWF  78
0028:  MOVF   25,W
0029:  MOVWF  79
002A:  MOVF   26,W
002B:  MOVWF  7A
002C:  MOVF   27,W
002D:  MOVWF  7B
002E:  MOVF   28,W
002F:  MOVWF  0A
0030:  SWAPF  21,W
0031:  MOVWF  03
0032:  SWAPF  7F,F
0033:  SWAPF  7F,W
0034:  RETFIE
.................... // CCP biriminin yakalama özelliðinin uygulamasý -denenmedi- 
.................... // 16.04.2007 
.................... // yazan = Remzi ÞAHÝNOÐLU 
.................... #if defined (__PCM__) 
.................... #include <16F628A.h> 
.................... //////// Standard Header file for the PIC16F628A device //////////////// 
.................... #device PIC16F628A 
.................... #list 
....................  
.................... #use delay(clock=4000000) 
.................... #fuses NOWDT,PUT,NOLVP,NOBROWNOUT,MCLR,INTRC_IO,NOPROTECT 
.................... #endif 
....................  
.................... long yuksek, alcak, pals_genisligi; 
....................  
.................... #INT_CCP1 
.................... void isr()         // PIR.2 biti 0 olur = tmr1 saklayýcýsýnný deðeri yakalanmadý 
.................... { 
....................    yuksek = CCP_1_LOW; 
0035:  CLRF   2A
0036:  MOVF   15,W
0037:  MOVWF  29
....................    alcak = CCP_1_HIGH; 
0038:  CLRF   2C
0039:  MOVF   16,W
003A:  MOVWF  2B
....................  
....................    pals_genisligi = yuksek - alcak; 
003B:  MOVF   2B,W
003C:  SUBWF  29,W
003D:  MOVWF  2D
003E:  MOVF   2A,W
003F:  MOVWF  2E
0040:  MOVF   2C,W
0041:  BTFSS  03.0
0042:  INCFSZ 2C,W
0043:  SUBWF  2E,F
.................... } 
....................  
0044:  BCF    0C.2
0045:  BCF    0A.3
0046:  GOTO   022
.................... void main() 
.................... { 
0047:  CLRF   04
0048:  BCF    03.7
0049:  MOVLW  1F
004A:  ANDWF  03,F
004B:  MOVLW  07
004C:  MOVWF  1F
....................    while(TRUE) 
....................    { 
....................       setup_ccp1(CCP_CAPTURE_RE);    // CCP1 kesmesi her yükselen kenarda yakalasýn 
004D:  BSF    03.5
004E:  BSF    06.3
004F:  BCF    03.5
0050:  CLRF   17
0051:  MOVLW  05
0052:  MOVWF  17
....................       setup_timer_1(T1_INTERNAL);    // timer1 açýk, frekans bölücü oraný 1:1  
0053:  MOVLW  85
0054:  MOVWF  10
....................        
....................       enable_interrupts(GLOBAL);     // kesmelere izin ver 
0055:  MOVLW  C0
0056:  IORWF  0B,F
....................       enable_interrupts(INT_CCP1);   // CCP kesmesini kur 
0057:  BSF    03.5
0058:  BSF    0C.2
....................         
....................       // normal program akýþý kesme gelmesi beklenir 
....................       // kesmede okunna pals_geniþliði deðerini ekrana yaz 
....................    } 
0059:  GOTO   04E
.................... } 
005A:  SLEEP

Configuration Fuses:
   Word  1: 3F30   NOWDT PUT NOPROTECT NOBROWNOUT MCLR NOLVP INTRC_IO NOCPD
