
ROM used: 20 (1%)
          20 (1%) including unused fragments

          0 Average locations per line
          3 Average locations per statement

RAM used: 6 (3%) at main() level
          6 (3%) worst case

Stack used: 0 worst case (out of 8 total available)

Lines Stmts  %   Files
----- ----- ---  -----
   35     6 100  bit_byte_tanimlama.c
  205     0   0  F:\Program Files\PICC\devices\16F628A.h
----- -----
  240     6 Total

Page ROM  %  RAM   Vol Diff  Functions:
---- --- --- ---   --- ----  ----------
0     16  80   0    88  2.0  main

Program metrics:
    Functions               1
    Statements              6
    Comments                67
    Volume (V)              88
    Difficilty (D)          2.0
    Effort to implement (E) 180
    Time to implement (T)   0 minutes
    Est Delivered Bugs (B)  0
    Cyclomatic Complexity   1
    Maintainability (MI)    124

 Segment     Used  Free
-----------  ----  ----
00000-00003     4  0  
00004-007FF    16  2028  



THE FOLLOWING IS TEMPORARY FOR DIAGNOSTIC USE ONLY:

    n1    n2    N1    N2   v(G)
     5    11    13     9     0    main
