
ROM used: 136 (2%)
          136 (2%) including unused fragments

          0 Average locations per line
          6 Average locations per statement

RAM used: 7 (2%) at main() level
          8 (2%) worst case

Stack used: 1 worst case (out of 8 total available)

Lines Stmts  %   Files
----- ----- ---  -----
   44    23 100  led_yak_son_877a.c
  326     0   0  C:\Program Files\PICC\devices\16F877A.h
----- -----
  370    23 Total

Page ROM  %  RAM   Vol Diff  Functions:
---- --- --- ---   --- ----  ----------
0     21  15   1             @delay_ms1
0    111  82   1   536  3.3  main

Program metrics:
    Functions               1
    Statements              23
    Comments                81
    Volume (V)              538
    Difficilty (D)          3.3
    Effort to implement (E) 1762
    Time to implement (T)   2 minutes
    Est Delivered Bugs (B)  0
    Cyclomatic Complexity   2
    Maintainability (MI)    136

 Segment     Used  Free
-----------  ----  ----
00000-00003     4  0  
00004-007FF   132  1912  
00800-00FFF     0  2048  
01000-017FF     0  2048  
01800-01FFF     0  2048  



