
ROM used: 24 (1%)
          24 (1%) including unused fragments

          0 Average locations per line
          6 Average locations per statement

RAM used: 7 (3%) at main() level
          7 (3%) worst case

Stack used: 0 worst case (out of 8 total available)

Lines Stmts  %   Files
----- ----- ---  -----
   24     4 100  port_oku.c
  205     0   0  F:\Program Files\PICC\devices\16F628A.h
----- -----
  229     4 Total

Page ROM  %  RAM   Vol Diff  Functions:
---- --- --- ---   --- ----  ----------
0     20  83   1    78  2.0  main

Program metrics:
    Functions               1
    Statements              4
    Comments                67
    Volume (V)              78
    Difficilty (D)          2.0
    Effort to implement (E) 156
    Time to implement (T)   0 minutes
    Est Delivered Bugs (B)  0
    Cyclomatic Complexity   1
    Maintainability (MI)    131

 Segment     Used  Free
-----------  ----  ----
00000-00003     4  0  
00004-007FF    20  2024  



THE FOLLOWING IS TEMPORARY FOR DIAGNOSTIC USE ONLY:

    n1    n2    N1    N2   v(G)
     5    10    12     8     0    main
