
ROM used: 652 (8%)
          2048 (25%) including unused fragments

          1 Average locations per line
          5 Average locations per statement

RAM used: 5 (3%) at main() level
          36 (21%) worst case

Lines Stmts  %   Files
----- ----- ---  -----
  247    64  50  C:\Book_PIC-C\LAB\ch13\Ex_LCD01\lcd01.c
  259     0   0  C:\Program Files\PICC\devices\16F877.h
  180    63  33  C:\Program Files\PICC\drivers\lcd.c
----- -----
 1372   254 Total

Page ROM  %  RAM  Functions:
---- --- --- ---  ----------
0     19   3   1  @delay_ms1
0      8   1   0  @const39
0     15   2   1  lcd_send_nibble
0     64  10   3  lcd_send_byte
0     44   7   2  lcd_init
0      5   1   1  LCD_Command
0     71  11   3  LCD_String
0    258  40  20  LCD_Show
0     21   3   0  @const10142
0     21   3   0  @const10146
0     21   3   0  @const10150
0     21   3   0  @const10154
0     21   3   0  @const10169
0     21   3   0  @const10173
0     21   3   0  @const10187
0     17   3   0  main

 Segment   Used  Free
---------  ----  ----
00000-00003     4  0
00004-007FF   648  1396
00800-00FFF     0  2048
01000-017FF     0  2048
01800-01FFF     0  2048

