CCS PCM C Compiler, Version 4.106, 14749               13-Mar-11 19:45

               Filename: D:\ram\microcontrol\picmicro\pic c\pic uygulama\pic16f628a\yakala-karsilastir-pwm modulu\pwm modulýu\pwm.lst

               ROM used: 56 words (3%)
                         Largest free fragment is 1992
               RAM used: 7 (3%) at main() level
                         7 (3%) worst case
               Stack:    0 locations

*
0000:  MOVLW  00
0001:  MOVWF  0A
0002:  GOTO   004
0003:  NOP
.................... // CCP birimini kullnamadan pwm kontrol uygulmasý  
.................... // 12.03.2011 
.................... // yazan = Remzi ÞAHÝNOÐLU 
....................  
.................... // 20 ms periyod ve 1.5 ms duty cycle için pwm modu uygulamsý 
.................... // 
.................... // pwm periyodu hesaplama formulü 
.................... // Tpwm = Tosc x 4 x (PR2 + 1) x (TMR2 bölme oraný) 
.................... // PR2 periyod süresini belirleyen deðer 
.................... // TMR2 bölme oraný ise T2_DIV_BY_16 ifadesindeki 16 deðeri 
.................... // 
.................... // pwm frekansý hesaplama formülü 
.................... // fpwm = 1 / Tpwm 
.................... // 
.................... // 20 ms periyod için PR2 ye girilmesi gereken deðer 1249 
.................... // 
.................... // 
....................  
.................... #if defined (__PCM__) 
.................... #include <16F628A.h> 
.................... //////// Standard Header file for the PIC16F628A device //////////////// 
.................... #device PIC16F628A 
.................... #list 
....................  
.................... #use delay(clock=4000000) 
.................... #fuses NOWDT,PUT,NOLVP,NOBROWNOUT,NOMCLR,INTRC_IO,NOPROTECT 
.................... #endif 
....................  
.................... #byte PORTA = 0x05 
.................... int16 i=10; 
....................  
.................... void main() 
.................... {   
0004:  CLRF   04
0005:  BCF    03.7
0006:  MOVLW  1F
0007:  ANDWF  03,F
0008:  CLRF   21
0009:  MOVLW  0A
000A:  MOVWF  20
000B:  MOVLW  07
000C:  MOVWF  1F
....................    setup_timer_1(T1_DISABLED);            // timer1 i kapat 
000D:  CLRF   10
....................     
....................    set_tris_a(0x03);                      // a0 ve a1 giriþ digerleri cýkýþ 
000E:  MOVLW  03
000F:  TRIS   5
....................    set_tris_b(0x00);                      // b nin hepsi cýkýs 
0010:  MOVLW  00
0011:  TRIS   6
....................     
....................    setup_ccp1(CCP_PWM);                   // ccp birimini pwm moduna al 
0012:  BSF    03.5
0013:  BCF    06.3
0014:  BCF    03.5
0015:  BCF    06.3
0016:  MOVLW  0C
0017:  MOVWF  17
....................     
....................    setup_timer_2(T2_DIV_BY_16,1249,1);    // timer2 yi kur 
0018:  MOVLW  00
0019:  MOVWF  78
001A:  IORLW  06
001B:  MOVWF  12
001C:  MOVLW  E1
001D:  BSF    03.5
001E:  MOVWF  12
....................     
....................    //set_pwm1_duty(i);                      // duty cycle süresi 10 
....................     
....................    while(TRUE) 
....................    { 
....................       i = 10; 
001F:  BCF    03.5
0020:  CLRF   21
0021:  MOVLW  0A
0022:  MOVWF  20
....................       set_pwm1_duty(i); 
0023:  MOVF   21,W
0024:  MOVWF  79
0025:  MOVF   20,W
0026:  MOVWF  78
0027:  RRF    79,F
0028:  RRF    78,F
0029:  RRF    79,F
002A:  RRF    78,F
002B:  RRF    79,F
002C:  MOVF   78,W
002D:  MOVWF  15
002E:  RRF    79,F
002F:  RRF    79,W
0030:  ANDLW  30
0031:  MOVWF  77
0032:  MOVF   17,W
0033:  ANDLW  CF
0034:  IORWF  77,W
0035:  MOVWF  17
....................        
....................     
....................    } 
0036:  GOTO   020
....................  
.................... } 
....................  
0037:  SLEEP

Configuration Fuses:
   Word  1: 3F10   NOWDT PUT NOPROTECT NOBROWNOUT NOMCLR NOLVP INTRC_IO NOCPD
