
ROM used: 56 (3%)
          56 (3%) including unused fragments

          0 Average locations per line
          6 Average locations per statement

RAM used: 7 (3%) at main() level
          7 (3%) worst case

Stack used: 0 worst case (out of 8 total available)

Lines Stmts  %   Files
----- ----- ---  -----
   51     9 100  pwm.c
  222     0   0  C:\Program Files\PICC\devices\16F628A.h
----- -----
  273     9 Total

Page ROM  %  RAM   Vol Diff  Functions:
---- --- --- ---   --- ----  ----------
0     52  93   0   176  2.7  main

Program metrics:
    Functions               1
    Statements              9
    Comments                101
    Volume (V)              176
    Difficilty (D)          2.7
    Effort to implement (E) 474
    Time to implement (T)   0 minutes
    Est Delivered Bugs (B)  0
    Cyclomatic Complexity   1
    Maintainability (MI)    115

 Segment     Used  Free
-----------  ----  ----
00000-00003     4  0  
00004-007FF    52  1992  



