
ROM used: 185 (9%)
          185 (9%) including unused fragments

          1 Average locations per line
          7 Average locations per statement

RAM used: 12 (5%) at main() level
          13 (6%) worst case

Stack used: 1 worst case (out of 8 total available)

Lines Stmts  %   Files
----- ----- ---  -----
   67    28 100  servo_motor.c
  222     0   0  C:\Program Files\PICC\devices\16F628A.h
----- -----
  289    28 Total

Page ROM  %  RAM   Vol Diff  Functions:
---- --- --- ---   --- ----  ----------
0     21  11   1             @delay_ms1
0     20  11   1             @delay_us1
0    140  76   1   730  5.8  main

Program metrics:
    Functions               1
    Statements              28
    Comments                110
    Volume (V)              736
    Difficilty (D)          5.6
    Effort to implement (E) 4109
    Time to implement (T)   4 minutes
    Est Delivered Bugs (B)  0
    Cyclomatic Complexity   4
    Maintainability (MI)    56

 Segment     Used  Free
-----------  ----  ----
00000-00003     4  0  
00004-007FF   181  1863  



