
ROM used: 124 (2%)
          124 (2%) including unused fragments

          0 Average locations per line
          5 Average locations per statement

RAM used: 7 (2%) at main() level
          8 (2%) worst case

Stack used: 1 worst case (out of 8 total available)

Lines Stmts  %   Files
----- ----- ---  -----
   66    24 100  adc_modulu_rs232_port.c
  326     0   0  C:\Program Files (x86)\PICC\devices\16F877A.h
----- -----
  392    24 Total

Page ROM  %  RAM   Vol Diff  Functions:
---- --- --- ---   --- ----  ----------
0     21  17   1             @delay_ms1
0     99  80   1   572  2.9  main

Program metrics:
    Functions               1
    Statements              24
    Comments                92
    Volume (V)              575
    Difficilty (D)          2.8
    Effort to implement (E) 1621
    Time to implement (T)   2 minutes
    Est Delivered Bugs (B)  0
    Cyclomatic Complexity   1
    Maintainability (MI)    124

 Segment     Used  Free
-----------  ----  ----
00000-00003     4  0  
00004-007FF   120  1924  
00800-00FFF     0  2048  
01000-017FF     0  2048  
01800-01FFF     0  2048  



