
ROM used: 1136 (14%)
          1136 (14%) including unused fragments

          2 Average locations per line
          11 Average locations per statement

RAM used: 15 (4%) at main() level
          40 (11%) worst case

Stack used: 5 worst case (out of 8 total available)

Lines Stmts  %   Files
----- ----- ---  -----
   76    31  31  adc_modulu.c
  326     0   0  C:\Program Files\PICC\devices\16F877A.h
  158    68  69  C:\Program Files\PICC\drivers\lcd416.c
----- -----
  560    99 Total

Page ROM  %  RAM   Vol Diff  Functions:
---- --- --- ---   --- ----  ----------
0     21   2   1             @delay_ms1
0      8   1   0   536  3.3  @const73
 Inline        3   463  4.3  lcd_read_byte
0     12   1   1   134  2.2  lcd_send_nibble
0     58   5   3   317  4.3  lcd_send_byte
0     44   4   2   422  4.7  lcd_init
0     29   3   3   321  5.5  lcd_gotoxy
0      8   1   0             @goto10099
0     40   4   1   308  5.0  lcd_putc
0    191  17   1   867  4.2  MAIN
0      9   1   0             @const106
0     72   6   3             @PSTRINGC7_95
0     31   3   2             @ITOF
0    117  10  13             @MULFF
0      7   1   0             @const113
0     79   7   4             @PSTRINGCN7_95
0    101   9   9             @PRINTF_LU_95
0      6   1   0             @const118
 Inline        5             @FTOSD
0     66   6  13             @DIV3232
0    233  21  13             @PRINTF_L32D_95FPFPF

Program metrics:
    Functions               8
    Statements              99
    Comments                146
    Volume (V)              5141
    Difficilty (D)          32.2
    Effort to implement (E) 165515
    Time to implement (T)   2 hours, 33 minutes
    Est Delivered Bugs (B)  1
    Cyclomatic Complexity   13
    Maintainability (MI)    113

 Segment     Used  Free
-----------  ----  ----
00000-00003     4  0  
00004-007FF  1132  912  
00800-00FFF     0  2048  
01000-017FF     0  2048  
01800-01FFF     0  2048  



