
ROM used: 75 (4%)
          75 (4%) including unused fragments

          0 Average locations per line
          6 Average locations per statement

RAM used: 7 (3%) at main() level
          8 (4%) worst case

Stack used: 1 worst case (out of 8 total available)

Lines Stmts  %   Files
----- ----- ---  -----
   35    12 100  getc()_fonk.c
  205     0   0  C:\Program Files\PICC\devices\16F628A.h
----- -----
  240    12 Total

Page ROM  %  RAM   Vol Diff  Functions:
---- --- --- ---   --- ----  ----------
0     21  28   1             @delay_ms1
0     50  67   1   221  3.2  main

Program metrics:
    Functions               1
    Statements              12
    Comments                74
    Volume (V)              223
    Difficilty (D)          3.0
    Effort to implement (E) 675
    Time to implement (T)   1 minutes
    Est Delivered Bugs (B)  0
    Cyclomatic Complexity   1
    Maintainability (MI)    137

 Segment     Used  Free
-----------  ----  ----
00000-00003     4  0  
00004-007FF    71  1973  



THE FOLLOWING IS TEMPORARY FOR DIAGNOSTIC USE ONLY:

    n1    n2    N1    N2   v(G)
     0     1     0     0     0    @delay_ms1
     7    21    27    19     1    main
