
ROM used: 3460 (5%)
          3460 (5%) including unused fragments

          1 Average locations per line
          6 Average locations per statement

RAM used: 38 (1%) at main() level
          123 (3%) worst case

Stack used: 9 worst case (out of 31 total available)

Lines Stmts  %   Files
----- ----- ---  -----
   73    28   5  pc_pic_max232_get_float.c
  463     0   0  C:\Program Files\PICC\devices\18F4620.h
  158    68  11  C:\Program Files\PICC\drivers\lcd416.c
 1273   359  58  C:\Program Files\PICC\drivers\stdlib.h
   28     0   0  C:\Program Files\PICC\drivers\stddef.h
  409   121  20  C:\Program Files\PICC\drivers\string.h
   28     0   0  C:\Program Files\PICC\drivers\ctype.h
  121    38   6  C:\Program Files\PICC\drivers\input.c
----- -----
 2553   614 Total

Page ROM  %  RAM   Vol Diff  Functions:
---- --- --- ---   --- ----  ----------
0     40   1   1             @delay_ms1
0     20   0   0             @const73
0     56   1   3   463  4.3  lcd_read_byte
0     24   0   1   134  2.2  lcd_send_nibble
0     54   1   3   317  4.3  lcd_send_byte
0     80   1   2   422  4.7  lcd_init
0     54   1   3   321  5.5  lcd_gotoxy
0     34   0   0             @goto10088
0     74   1   1   308  5.0  lcd_putc
0      8   0   0             @PUTCHARI_BIU_1
0    242   3  11             @MULFF
0     54   1   2             @ITOF
0    618   9  16             @ADDFF
0    348   5  14             @DIVFF
0    564   8  19  1542 12.4  strtof
0    106   2   7   595 10.2  get_string
0     60   1  24   125  3.0  get_float
0     38   1   0    92  1.7  serihaberlesme_kesmesi
0    182   3   0   577  3.8  MAIN
0     16   0   0             @const396
0     34   0   2             @PSTRINGC_95
0     64   1   5             @FTOSD
0    122   2  13             @DIV3232
0    398   6  13             @PRINTF_L32D_95FPFPF

Program metrics:
    Functions               11
    Statements              614
    Comments                820
    Volume (V)              7618
    Difficilty (D)          55.2
    Effort to implement (E) 420809
    Time to implement (T)   6 hours, 30 minutes
    Est Delivered Bugs (B)  2
    Cyclomatic Complexity   28
    Maintainability (MI)    107

 Segment     Used  Free
-----------  ----  ----
00000-00002     4  0  
00004-00006     0  4  
00008-000AC   166  0  
000AE-0FFFE  3290  62072  



