CCS PCM C Compiler, Version 4.018, 12203               14-Mar-07 20:20

               Filename: D:\pic\dizin kavramý\dizin_ici_tanýmlama.lst

               ROM used: 83 words (4%)
                         Largest free fragment is 1965
               RAM used: 11 (5%) at main() level
                         11 (5%) worst case
               Stack:    1 locations

*
0000:  MOVLW  00
0001:  MOVWF  0A
0002:  GOTO   019
0003:  NOP
.................... //dizi kavramý uygulamasý 
.................... //eepromdaki veriyi dizine yüklemek ve kullnamak 
.................... //11.03.2007 
.................... //yazan = Remzi ÞAHÝNOÐLU 
.................... #if defined (__PCM__) 
.................... #include <16F628A.h> 
.................... //////// Standard Header file for the PIC16F628A device //////////////// 
.................... #device PIC16F628A 
.................... #list 
....................  
.................... #use delay(clock=4000000) 
0004:  MOVLW  24
0005:  MOVWF  04
0006:  BCF    03.7
0007:  MOVF   00,W
0008:  BTFSC  03.2
0009:  GOTO   018
000A:  MOVLW  01
000B:  MOVWF  78
000C:  CLRF   77
000D:  DECFSZ 77,F
000E:  GOTO   00D
000F:  DECFSZ 78,F
0010:  GOTO   00C
0011:  MOVLW  4A
0012:  MOVWF  77
0013:  DECFSZ 77,F
0014:  GOTO   013
0015:  GOTO   016
0016:  DECFSZ 00,F
0017:  GOTO   00A
0018:  GOTO   042 (RETURN)
.................... #fuses NOWDT,PUT,NOLVP,NOBROWNOUT,MCLR,INTRC_IO,NOPROTECT 
.................... #endif 
....................  
.................... #byte PORTA = 0x05 
.................... #byte PORTB = 0x06 
....................  
....................  
.................... char harf[4]={}; 
*
001F:  CLRF   20
0020:  CLRF   21
0021:  CLRF   22
0022:  CLRF   23
....................  
.................... void main() 
.................... { 
*
0019:  CLRF   04
001A:  BCF    03.7
001B:  MOVLW  1F
001C:  ANDWF  03,F
001D:  MOVLW  07
001E:  MOVWF  1F
....................    while(TRUE) 
....................    { 
....................       if(bit_test(PORTA,0)==0) 
*
0023:  BTFSC  05.0
0024:  GOTO   042
....................       {                   
....................          harf[0]=2; 
0025:  MOVLW  02
0026:  MOVWF  20
....................          write_eeprom(0x01, harf[0]); 
0027:  MOVLW  01
0028:  BSF    03.5
0029:  MOVWF  1B
002A:  BCF    03.5
002B:  MOVF   20,W
002C:  BSF    03.5
002D:  MOVWF  1A
002E:  BSF    1C.2
002F:  BCF    03.5
0030:  MOVF   0B,W
0031:  MOVWF  77
0032:  BCF    0B.7
0033:  BSF    03.5
0034:  MOVLW  55
0035:  MOVWF  1D
0036:  MOVLW  AA
0037:  MOVWF  1D
0038:  BSF    1C.1
0039:  BTFSC  1C.1
003A:  GOTO   039
003B:  BCF    1C.2
003C:  MOVF   77,W
003D:  BCF    03.5
003E:  IORWF  0B,F
....................          delay_ms(100); 
003F:  MOVLW  64
0040:  MOVWF  24
0041:  GOTO   004
....................                 
....................       } 
....................       if(bit_test(PORTA,1)==0)    
0042:  BTFSC  05.1
0043:  GOTO   051
....................       { 
....................          harf[0]=read_eeprom(0x01); 
0044:  MOVLW  01
0045:  BSF    03.5
0046:  MOVWF  1B
0047:  BCF    1C.7
0048:  BSF    1C.0
0049:  MOVF   1A,W
004A:  BCF    03.5
004B:  MOVWF  20
....................          output_b(harf[0]);          
004C:  BSF    03.5
004D:  CLRF   06
004E:  BCF    03.5
004F:  MOVF   20,W
0050:  MOVWF  06
....................       } 
....................    } 
0051:  GOTO   023
.................... } 
....................  
0052:  SLEEP

Configuration Fuses:
   Word  1: 3F30   NOWDT PUT NOPROTECT NOBROWNOUT MCLR NOLVP INTRC_IO NOCPD
