
ROM used: 83 (4%)
          83 (4%) including unused fragments

          0 Average locations per line
          8 Average locations per statement

RAM used: 11 (5%) at main() level
          11 (5%) worst case

Stack used: 1 worst case (out of 8 total available)

Lines Stmts  %   Files
----- ----- ---  -----
   36    11 100  dizin_ici_tanýmlama.c
  205     0   0  C:\Program Files\PICC\devices\16F628A.h
----- -----
  241    11 Total

Page ROM  %  RAM   Vol Diff  Functions:
---- --- --- ---   --- ----  ----------
0     21  25   1             @delay_ms1
0     58  70   1   300  4.2  main

Program metrics:
    Functions               1
    Statements              11
    Comments                69
    Volume (V)              302
    Difficilty (D)          4.0
    Effort to implement (E) 1214
    Time to implement (T)   1 minutes
    Est Delivered Bugs (B)  0
    Cyclomatic Complexity   2
    Maintainability (MI)    117

 Segment     Used  Free
-----------  ----  ----
00000-00003     4  0  
00004-007FF    79  1965  



THE FOLLOWING IS TEMPORARY FOR DIAGNOSTIC USE ONLY:

    n1    n2    N1    N2   v(G)
     0     1     0     0     0    @delay_ms1
     9    27    33    25     2    main
