
ROM used: 128 (2%)
          128 (2%) including unused fragments

          0 Average locations per line
          7 Average locations per statement

RAM used: 7 (2%) at main() level
          8 (2%) worst case

Stack used: 1 worst case (out of 8 total available)

Lines Stmts  %   Files
----- ----- ---  -----
   39    18 100  led_yak_son_877a.c
  326     0   0  C:\Program Files\PICC\devices\16F877A.h
----- -----
  365    18 Total

Page ROM  %  RAM   Vol Diff  Functions:
---- --- --- ---   --- ----  ----------
0     21  16   1             @delay_ms1
0    103  80   1   399  2.4  main

Program metrics:
    Functions               1
    Statements              18
    Comments                81
    Volume (V)              402
    Difficilty (D)          2.3
    Effort to implement (E) 925
    Time to implement (T)   1 minutes
    Est Delivered Bugs (B)  0
    Cyclomatic Complexity   1
    Maintainability (MI)    142

 Segment     Used  Free
-----------  ----  ----
00000-00003     4  0  
00004-007FF   124  1920  
00800-00FFF     0  2048  
01000-017FF     0  2048  
01800-01FFF     0  2048  



