
ROM used: 64 (3%)
          64 (3%) including unused fragments

          0 Average locations per line
          5 Average locations per statement

RAM used: 7 (3%) at main() level
          7 (3%) worst case

Stack used: 1 worst case (out of 8 total available)

Lines Stmts  %   Files
----- ----- ---  -----
   33    12 100  led_yak_son_628a.c
  222     0   0  C:\Program Files\PICC\devices\16F628A.h
----- -----
  255    12 Total

Page ROM  %  RAM   Vol Diff  Functions:
---- --- --- ---   --- ----  ----------
0     21  33   1             @delay_ms1
0     39  61   1   250  4.1  main

Program metrics:
    Functions               1
    Statements              12
    Comments                69
    Volume (V)              252
    Difficilty (D)          3.9
    Effort to implement (E) 993
    Time to implement (T)   1 minutes
    Est Delivered Bugs (B)  0
    Cyclomatic Complexity   2
    Maintainability (MI)    116

 Segment     Used  Free
-----------  ----  ----
00000-00003     4  0  
00004-007FF    60  1984  



