
ROM used: 56 (3%)
          56 (3%) including unused fragments

          0 Average locations per line
          9 Average locations per statement

RAM used: 8 (4%) at main() level
          9 (4%) worst case

Stack used: 1 worst case (out of 8 total available)

Lines Stmts  %   Files
----- ----- ---  -----
   21     6 100  do_while komutu.c
  205     0   0  C:\Program Files\PICC\devices\16F628A.h
----- -----
  226     6 Total

Page ROM  %  RAM   Vol Diff  Functions:
---- --- --- ---   --- ----  ----------
0     21  38   1             @delay_ms1
0     31  55   2   151  3.5  main

Program metrics:
    Functions               1
    Statements              6
    Comments                65
    Volume (V)              153
    Difficilty (D)          3.3
    Effort to implement (E) 505
    Time to implement (T)   0 minutes
    Est Delivered Bugs (B)  0
    Cyclomatic Complexity   1
    Maintainability (MI)    112

 Segment     Used  Free
-----------  ----  ----
00000-00003     4  0  
00004-007FF    52  1992  



THE FOLLOWING IS TEMPORARY FOR DIAGNOSTIC USE ONLY:

    n1    n2    N1    N2   v(G)
     0     1     0     0     0    @delay_ms1
     8    16    19    14     1    main
