
ROM used: 39 (2%)
          39 (2%) including unused fragments

          0 Average locations per line
          3 Average locations per statement

RAM used: 8 (4%) at main() level
          8 (4%) worst case

Stack used: 0 worst case (out of 8 total available)

Lines Stmts  %   Files
----- ----- ---  -----
   39    12 100  usart_alici.c
  205     0   0  C:\Program Files\PICC\devices\16F628A.h
----- -----
  244    12 Total

Page ROM  %  RAM   Vol Diff  Functions:
---- --- --- ---   --- ----  ----------
0     35  90   2   279  4.2  main

Program metrics:
    Functions               1
    Statements              12
    Comments                80
    Volume (V)              279
    Difficilty (D)          4.2
    Effort to implement (E) 1163
    Time to implement (T)   1 minutes
    Est Delivered Bugs (B)  0
    Cyclomatic Complexity   1
    Maintainability (MI)    149

 Segment     Used  Free
-----------  ----  ----
00000-00003     4  0  
00004-007FF    35  2009  



THE FOLLOWING IS TEMPORARY FOR DIAGNOSTIC USE ONLY:

    n1    n2    N1    N2   v(G)
     9    27    29    25     1    main
