
ROM used: 1902 (23%)
          1902 (23%) including unused fragments

          1 Average locations per line
          3 Average locations per statement

RAM used: 26 (7%) at main() level
          112 (30%) worst case

Stack used: 7 worst case (out of 8 total available)

Lines Stmts  %   Files
----- ----- ---  -----
   73    28   5  get_float_16f877a_alici.c
  326     0   0  C:\Program Files\PICC\devices\16F877A.h
  158    68  11  C:\Program Files\PICC\drivers\lcd416.c
 1273   359  58  C:\Program Files\PICC\drivers\stdlib.h
   28     0   0  C:\Program Files\PICC\drivers\stddef.h
  409   121  20  C:\Program Files\PICC\drivers\string.h
   28     0   0  C:\Program Files\PICC\drivers\ctype.h
  121    38   6  C:\Program Files\PICC\drivers\input.c
----- -----
 2416   614 Total

Page ROM  %  RAM   Vol Diff  Functions:
---- --- --- ---   --- ----  ----------
0     21   1   1             @delay_ms1
0      8   0   0             @const73
 Inline        3   463  4.3  lcd_read_byte
0     12   1   1   134  2.2  lcd_send_nibble
0     58   3   3   317  4.3  lcd_send_byte
0     44   2   2   422  4.7  lcd_init
0     27   1   3   321  5.5  lcd_gotoxy
0      8   0   0             @goto10095
0     40   2   1   308  5.0  lcd_putc
0    119   6  13             @MULFF
0     31   2   2             @ITOF
0    326  17  16             @ADDFF
 Inline       14             @DIVFF
 Inline       19  1542 12.4  strtof
 Inline        7   595 10.2  get_string
 Inline       24   125  3.0  get_float
0    635  33   0    92  1.7  serihaberlesme_kesmesi
0    131   7   0   577  3.8  MAIN
0      8   0   0             @const396
0     72   4   3             @PSTRINGC7_95
 Inline        5             @FTOSD
0     66   3  13             @DIV3232
0    247  13  13             @PRINTF_L32D_95FPFPF

Program metrics:
    Functions               11
    Statements              614
    Comments                793
    Volume (V)              7616
    Difficilty (D)          55.4
    Effort to implement (E) 421753
    Time to implement (T)   6 hours, 31 minutes
    Est Delivered Bugs (B)  2
    Cyclomatic Complexity   28
    Maintainability (MI)    99

 Segment     Used  Free
-----------  ----  ----
00000-00003     4  0  
00004-00030    45  0  
00031-007FF  1853  146  
00800-00FFF     0  2048  
01000-017FF     0  2048  
01800-01FFF     0  2048  



