
ROM used: 141 (7%)
          141 (7%) including unused fragments

          1 Average locations per line
          12 Average locations per statement

RAM used: 25 (11%) at main() level
          26 (12%) worst case

Stack used: 1 worst case (out of 8 total available)

Lines Stmts  %   Files
----- ----- ---  -----
   40    12 100  dizin_cift_kolon.c
  205     0   0  C:\Program Files\PICC\devices\16F628A.h
----- -----
  245    12 Total

Page ROM  %  RAM   Vol Diff  Functions:
---- --- --- ---   --- ----  ----------
0     21  15   1             @delay_ms1
0     79  56   4   444  5.4  main
0     37  26   2             @MUL88

Program metrics:
    Functions               1
    Statements              12
    Comments                75
    Volume (V)              448
    Difficilty (D)          5.1
    Effort to implement (E) 2280
    Time to implement (T)   2 minutes
    Est Delivered Bugs (B)  0
    Cyclomatic Complexity   2
    Maintainability (MI)    136

 Segment     Used  Free
-----------  ----  ----
00000-00003     4  0  
00004-007FF   137  1907  



THE FOLLOWING IS TEMPORARY FOR DIAGNOSTIC USE ONLY:

    n1    n2    N1    N2   v(G)
     0     1     0     0     0    @delay_ms1
    11    38    42    37     2    main
     0     1     0     0     0    @MUL88
