
ROM used: 144 (7%)
          144 (7%) including unused fragments

          1 Average locations per line
          10 Average locations per statement

RAM used: 16 (7%) at main() level
          17 (8%) worst case

Stack used: 2 worst case (out of 7 total available)

Lines Stmts  %   Files
----- ----- ---  -----
   38    15 100  kesme_RB4_7.c
  205     0   0  C:\Program Files\PICC\devices\16F628A.h
----- -----
  243    15 Total

Page ROM  %  RAM   Vol Diff  Functions:
---- --- --- ---   --- ----  ----------
0     21  15   1             @delay_ms1
0      8   6   0    17  0.8  RB_isr
0     64  44   1   292  2.8  MAIN

Program metrics:
    Functions               2
    Statements              15
    Comments                76
    Volume (V)              342
    Difficilty (D)          3.8
    Effort to implement (E) 1312
    Time to implement (T)   1 minutes
    Est Delivered Bugs (B)  0
    Cyclomatic Complexity   1
    Maintainability (MI)    105

 Segment     Used  Free
-----------  ----  ----
00000-00003     4  0  
00004-00032    47  0  
00033-007FF    93  1904  



THE FOLLOWING IS TEMPORARY FOR DIAGNOSTIC USE ONLY:

    n1    n2    N1    N2   v(G)
     0     1     0     0     0    @delay_ms1
     3     4     4     2     0    RB_isr
     6    29    30    27     0    MAIN
