
ROM used: 258 (13%)
          258 (13%) including unused fragments

          0 Average locations per line
          3 Average locations per statement

RAM used: 6 (3%) at main() level
          16 (7%) worst case

Stack used: 4 worst case (out of 8 total available)

Lines Stmts  %   Files
----- ----- ---  -----
   22     5   6  lcd.c
  222     0   0  C:\Program Files\PICC\devices\16F628A.h
  408    72  94  C:\Program Files\PICC\drivers\lcd.c
----- -----
  652    77 Total

Page ROM  %  RAM   Vol Diff  Functions:
---- --- --- ---   --- ----  ----------
0     21   8   1             @delay_ms1
0      8   3   0    86  1.6  @const71
 Inline        3   587  6.0  lcd_read_byte
0      6   2   0    59  4.2  lcd_read_nibble
0     12   5   1   172  3.4  lcd_send_nibble
0     64  25   3   447  4.6  lcd_send_byte
0     46  18   2   629  6.0  lcd_init
0     18   7   4   191  5.8  lcd_gotoxy
0     45  17   1   354  4.7  lcd_putc
0     23   9   1    76  1.7  MAIN
0     11   4   0             @const96

Program metrics:
    Functions               9
    Statements              77
    Comments                161
    Volume (V)              4047
    Difficilty (D)          37.5
    Effort to implement (E) 151561
    Time to implement (T)   2 hours, 20 minutes
    Est Delivered Bugs (B)  1
    Cyclomatic Complexity   9
    Maintainability (MI)    118

 Segment     Used  Free
-----------  ----  ----
00000-00003     4  0  
00004-007FF   254  1790  



